
*** Running vivado
    with args -log lab0_wrapper.vds -m64 -mode batch -messageDb vivado.pb -notrace -source lab0_wrapper.tcl


****** Vivado v2016.2 (64-bit)
  **** SW Build 1577090 on Thu Jun  2 16:32:35 MDT 2016
  **** IP Build 1577682 on Fri Jun  3 12:00:54 MDT 2016
    ** Copyright 1986-2016 Xilinx, Inc. All Rights Reserved.

source lab0_wrapper.tcl -notrace
WARNING: [Board 49-26] cannot add Board Part digilentinc.com:genesys2:part0:1.1 available at /opt/Xilinx/Vivado/2016.2/data/boards/board_files/genesys2/H/board.xml as part xc7k325tffg900-2 specified in board_part file is either invalid or not available
Command: synth_design -top lab0_wrapper -part xc7z010clg400-1
Starting synth_design
Attempting to get a license for feature 'Synthesis' and/or device 'xc7z010'
INFO: [Common 17-349] Got license for feature 'Synthesis' and/or device 'xc7z010'
INFO: Launching helper process for spawning children vivado processes
INFO: Helper process launched with PID 12231 
---------------------------------------------------------------------------------
Starting RTL Elaboration : Time (s): cpu = 00:00:22 ; elapsed = 00:00:29 . Memory (MB): peak = 1019.820 ; gain = 136.137 ; free physical = 1400 ; free virtual = 2731
---------------------------------------------------------------------------------
INFO: [Synth 8-638] synthesizing module 'lab0_wrapper' [/vagrant/Lab0/lab0_fpga/lab0_fpga.srcs/sources_1/imports/Lab0/lab0_wrapper.v:94]
INFO: [Synth 8-638] synthesizing module 'dff' [/vagrant/Lab0/lab0_fpga/lab0_fpga.srcs/sources_1/imports/Lab0/lab0_wrapper.v:36]
	Parameter W bound to: 4 - type: integer 
INFO: [Synth 8-256] done synthesizing module 'dff' (1#1) [/vagrant/Lab0/lab0_fpga/lab0_fpga.srcs/sources_1/imports/Lab0/lab0_wrapper.v:36]
INFO: [Synth 8-638] synthesizing module 'jkff1' [/vagrant/Lab0/lab0_fpga/lab0_fpga.srcs/sources_1/imports/Lab0/lab0_wrapper.v:51]
INFO: [Synth 8-256] done synthesizing module 'jkff1' (2#1) [/vagrant/Lab0/lab0_fpga/lab0_fpga.srcs/sources_1/imports/Lab0/lab0_wrapper.v:51]
INFO: [Synth 8-638] synthesizing module 'mux2' [/vagrant/Lab0/lab0_fpga/lab0_fpga.srcs/sources_1/imports/Lab0/lab0_wrapper.v:72]
	Parameter W bound to: 4 - type: integer 
INFO: [Synth 8-256] done synthesizing module 'mux2' (3#1) [/vagrant/Lab0/lab0_fpga/lab0_fpga.srcs/sources_1/imports/Lab0/lab0_wrapper.v:72]
INFO: [Synth 8-638] synthesizing module 'FullAdder4bit' [/vagrant/Lab0/lab0_fpga/lab0_fpga.srcs/sources_1/imports/Lab0/adder.v:28]
INFO: [Synth 8-638] synthesizing module 'structuralFullAdder' [/vagrant/Lab0/lab0_fpga/lab0_fpga.srcs/sources_1/imports/Lab0/adder.v:9]
INFO: [Synth 8-256] done synthesizing module 'structuralFullAdder' (4#1) [/vagrant/Lab0/lab0_fpga/lab0_fpga.srcs/sources_1/imports/Lab0/adder.v:9]
INFO: [Synth 8-256] done synthesizing module 'FullAdder4bit' (5#1) [/vagrant/Lab0/lab0_fpga/lab0_fpga.srcs/sources_1/imports/Lab0/adder.v:28]
INFO: [Synth 8-256] done synthesizing module 'lab0_wrapper' (6#1) [/vagrant/Lab0/lab0_fpga/lab0_fpga.srcs/sources_1/imports/Lab0/lab0_wrapper.v:94]
---------------------------------------------------------------------------------
Finished RTL Elaboration : Time (s): cpu = 00:00:25 ; elapsed = 00:00:33 . Memory (MB): peak = 1060.266 ; gain = 176.582 ; free physical = 1358 ; free virtual = 2689
---------------------------------------------------------------------------------

Report Check Netlist: 
+------+------------------+-------+---------+-------+------------------+
|      |Item              |Errors |Warnings |Status |Description       |
+------+------------------+-------+---------+-------+------------------+
|1     |multi_driven_nets |      0|        0|Passed |Multi driven nets |
+------+------------------+-------+---------+-------+------------------+
---------------------------------------------------------------------------------
Finished RTL Optimization Phase 1 : Time (s): cpu = 00:00:25 ; elapsed = 00:00:33 . Memory (MB): peak = 1060.266 ; gain = 176.582 ; free physical = 1358 ; free virtual = 2689
---------------------------------------------------------------------------------
INFO: [Device 21-403] Loading part xc7z010clg400-1
INFO: [Project 1-570] Preparing netlist for logic optimization

Processing XDC Constraints
Initializing timing engine
Parsing XDC File [/vagrant/Lab0/lab0_fpga/lab0_fpga.srcs/constrs_1/imports/vagrant/ZYBO_Master.xdc]
Finished Parsing XDC File [/vagrant/Lab0/lab0_fpga/lab0_fpga.srcs/constrs_1/imports/vagrant/ZYBO_Master.xdc]
INFO: [Project 1-236] Implementation specific constraints were found while reading constraint file [/vagrant/Lab0/lab0_fpga/lab0_fpga.srcs/constrs_1/imports/vagrant/ZYBO_Master.xdc]. These constraints will be ignored for synthesis but will be used in implementation. Impacted constraints are listed in the file [.Xil/lab0_wrapper_propImpl.xdc].
Resolution: To avoid this warning, move constraints listed in [.Xil/lab0_wrapper_propImpl.xdc] to another XDC file and exclude this new file from synthesis with the used_in_synthesis property (File Properties dialog in GUI) and re-run elaboration/synthesis.
Completed Processing XDC Constraints

INFO: [Project 1-111] Unisim Transformation Summary:
No Unisim elements were transformed.

Constraint Validation Runtime : Time (s): cpu = 00:00:00 ; elapsed = 00:00:00.03 . Memory (MB): peak = 1308.809 ; gain = 0.000 ; free physical = 1186 ; free virtual = 2523
---------------------------------------------------------------------------------
Finished Constraint Validation : Time (s): cpu = 00:00:58 ; elapsed = 00:01:15 . Memory (MB): peak = 1308.812 ; gain = 425.129 ; free physical = 1185 ; free virtual = 2522
---------------------------------------------------------------------------------
---------------------------------------------------------------------------------
Start Loading Part and Timing Information
---------------------------------------------------------------------------------
Loading part: xc7z010clg400-1
---------------------------------------------------------------------------------
Finished Loading Part and Timing Information : Time (s): cpu = 00:00:58 ; elapsed = 00:01:15 . Memory (MB): peak = 1308.812 ; gain = 425.129 ; free physical = 1185 ; free virtual = 2522
---------------------------------------------------------------------------------
---------------------------------------------------------------------------------
Start Applying 'set_property' XDC Constraints
---------------------------------------------------------------------------------
---------------------------------------------------------------------------------
Finished applying 'set_property' XDC Constraints : Time (s): cpu = 00:00:58 ; elapsed = 00:01:15 . Memory (MB): peak = 1308.812 ; gain = 425.129 ; free physical = 1185 ; free virtual = 2522
---------------------------------------------------------------------------------
---------------------------------------------------------------------------------
Finished RTL Optimization Phase 2 : Time (s): cpu = 00:00:59 ; elapsed = 00:01:16 . Memory (MB): peak = 1308.812 ; gain = 425.129 ; free physical = 1181 ; free virtual = 2518
---------------------------------------------------------------------------------

Report RTL Partitions: 
+-+--------------+------------+----------+
| |RTL Partition |Replication |Instances |
+-+--------------+------------+----------+
+-+--------------+------------+----------+
---------------------------------------------------------------------------------
Start RTL Component Statistics 
---------------------------------------------------------------------------------
Detailed RTL Component Info : 
+---XORs : 
	   2 Input      1 Bit         XORs := 9     
+---Registers : 
	                4 Bit    Registers := 2     
	                1 Bit    Registers := 1     
+---Muxes : 
	   2 Input      4 Bit        Muxes := 1     
---------------------------------------------------------------------------------
Finished RTL Component Statistics 
---------------------------------------------------------------------------------
---------------------------------------------------------------------------------
Start RTL Hierarchical Component Statistics 
---------------------------------------------------------------------------------
Hierarchical RTL Component report 
Module dff 
Detailed RTL Component Info : 
+---Registers : 
	                4 Bit    Registers := 1     
Module jkff1 
Detailed RTL Component Info : 
+---Registers : 
	                1 Bit    Registers := 1     
Module mux2 
Detailed RTL Component Info : 
+---Muxes : 
	   2 Input      4 Bit        Muxes := 1     
Module structuralFullAdder 
Detailed RTL Component Info : 
+---XORs : 
	   2 Input      1 Bit         XORs := 2     
Module FullAdder4bit 
Detailed RTL Component Info : 
+---XORs : 
	   2 Input      1 Bit         XORs := 1     
---------------------------------------------------------------------------------
Finished RTL Hierarchical Component Statistics
---------------------------------------------------------------------------------
---------------------------------------------------------------------------------
Start Part Resource Summary
---------------------------------------------------------------------------------
Part Resources:
DSPs: 80 (col length:40)
BRAMs: 120 (col length: RAMB18 40 RAMB36 20)
---------------------------------------------------------------------------------
Finished Part Resource Summary
---------------------------------------------------------------------------------
Start Parallel Synthesis Optimization  : Time (s): cpu = 00:00:59 ; elapsed = 00:01:17 . Memory (MB): peak = 1308.812 ; gain = 425.129 ; free physical = 1181 ; free virtual = 2518
---------------------------------------------------------------------------------
Start Cross Boundary Optimization
---------------------------------------------------------------------------------
---------------------------------------------------------------------------------
Finished Cross Boundary Optimization : Time (s): cpu = 00:01:00 ; elapsed = 00:01:17 . Memory (MB): peak = 1308.812 ; gain = 425.129 ; free physical = 1173 ; free virtual = 2510
---------------------------------------------------------------------------------
Finished Parallel Reinference  : Time (s): cpu = 00:01:00 ; elapsed = 00:01:17 . Memory (MB): peak = 1308.812 ; gain = 425.129 ; free physical = 1173 ; free virtual = 2510

Report RTL Partitions: 
+-+--------------+------------+----------+
| |RTL Partition |Replication |Instances |
+-+--------------+------------+----------+
+-+--------------+------------+----------+
---------------------------------------------------------------------------------
Start Area Optimization
---------------------------------------------------------------------------------
---------------------------------------------------------------------------------
Finished Area Optimization : Time (s): cpu = 00:01:00 ; elapsed = 00:01:17 . Memory (MB): peak = 1308.816 ; gain = 425.133 ; free physical = 1157 ; free virtual = 2494
---------------------------------------------------------------------------------
Finished Parallel Area Optimization  : Time (s): cpu = 00:01:00 ; elapsed = 00:01:17 . Memory (MB): peak = 1308.816 ; gain = 425.133 ; free physical = 1157 ; free virtual = 2494

Report RTL Partitions: 
+-+--------------+------------+----------+
| |RTL Partition |Replication |Instances |
+-+--------------+------------+----------+
+-+--------------+------------+----------+
---------------------------------------------------------------------------------
Start Timing Optimization
---------------------------------------------------------------------------------
---------------------------------------------------------------------------------
Start Applying XDC Timing Constraints
---------------------------------------------------------------------------------
---------------------------------------------------------------------------------
Finished Applying XDC Timing Constraints : Time (s): cpu = 00:01:31 ; elapsed = 00:01:54 . Memory (MB): peak = 1308.816 ; gain = 425.133 ; free physical = 1117 ; free virtual = 2454
---------------------------------------------------------------------------------
---------------------------------------------------------------------------------
Finished Timing Optimization : Time (s): cpu = 00:01:31 ; elapsed = 00:01:54 . Memory (MB): peak = 1308.816 ; gain = 425.133 ; free physical = 1117 ; free virtual = 2454
---------------------------------------------------------------------------------

Report RTL Partitions: 
+-+--------------+------------+----------+
| |RTL Partition |Replication |Instances |
+-+--------------+------------+----------+
+-+--------------+------------+----------+
---------------------------------------------------------------------------------
Start Technology Mapping
---------------------------------------------------------------------------------
---------------------------------------------------------------------------------
Finished Technology Mapping : Time (s): cpu = 00:01:31 ; elapsed = 00:01:54 . Memory (MB): peak = 1324.824 ; gain = 441.141 ; free physical = 1100 ; free virtual = 2437
---------------------------------------------------------------------------------
Finished Parallel Technology Mapping Optimization  : Time (s): cpu = 00:01:31 ; elapsed = 00:01:54 . Memory (MB): peak = 1324.824 ; gain = 441.141 ; free physical = 1100 ; free virtual = 2437

Report RTL Partitions: 
+-+--------------+------------+----------+
| |RTL Partition |Replication |Instances |
+-+--------------+------------+----------+
+-+--------------+------------+----------+
Finished Parallel Synthesis Optimization  : Time (s): cpu = 00:01:31 ; elapsed = 00:01:54 . Memory (MB): peak = 1324.824 ; gain = 441.141 ; free physical = 1100 ; free virtual = 2437
---------------------------------------------------------------------------------
Start IO Insertion
---------------------------------------------------------------------------------
---------------------------------------------------------------------------------
Start Flattening Before IO Insertion
---------------------------------------------------------------------------------
---------------------------------------------------------------------------------
Finished Flattening Before IO Insertion
---------------------------------------------------------------------------------
---------------------------------------------------------------------------------
Start Final Netlist Cleanup
---------------------------------------------------------------------------------
---------------------------------------------------------------------------------
Finished Final Netlist Cleanup
---------------------------------------------------------------------------------
---------------------------------------------------------------------------------
Finished IO Insertion : Time (s): cpu = 00:01:33 ; elapsed = 00:01:56 . Memory (MB): peak = 1324.824 ; gain = 441.141 ; free physical = 1100 ; free virtual = 2437
---------------------------------------------------------------------------------

Report Check Netlist: 
+------+------------------+-------+---------+-------+------------------+
|      |Item              |Errors |Warnings |Status |Description       |
+------+------------------+-------+---------+-------+------------------+
|1     |multi_driven_nets |      0|        0|Passed |Multi driven nets |
+------+------------------+-------+---------+-------+------------------+
---------------------------------------------------------------------------------
Start Renaming Generated Instances
---------------------------------------------------------------------------------
---------------------------------------------------------------------------------
Finished Renaming Generated Instances : Time (s): cpu = 00:01:33 ; elapsed = 00:01:56 . Memory (MB): peak = 1324.824 ; gain = 441.141 ; free physical = 1100 ; free virtual = 2437
---------------------------------------------------------------------------------

Report RTL Partitions: 
+-+--------------+------------+----------+
| |RTL Partition |Replication |Instances |
+-+--------------+------------+----------+
+-+--------------+------------+----------+
---------------------------------------------------------------------------------
Start Rebuilding User Hierarchy
---------------------------------------------------------------------------------
---------------------------------------------------------------------------------
Finished Rebuilding User Hierarchy : Time (s): cpu = 00:01:33 ; elapsed = 00:01:56 . Memory (MB): peak = 1324.824 ; gain = 441.141 ; free physical = 1100 ; free virtual = 2437
---------------------------------------------------------------------------------
---------------------------------------------------------------------------------
Start Renaming Generated Ports
---------------------------------------------------------------------------------
---------------------------------------------------------------------------------
Finished Renaming Generated Ports : Time (s): cpu = 00:01:33 ; elapsed = 00:01:56 . Memory (MB): peak = 1324.824 ; gain = 441.141 ; free physical = 1100 ; free virtual = 2437
---------------------------------------------------------------------------------
---------------------------------------------------------------------------------
Start Handling Custom Attributes
---------------------------------------------------------------------------------
---------------------------------------------------------------------------------
Finished Handling Custom Attributes : Time (s): cpu = 00:01:33 ; elapsed = 00:01:57 . Memory (MB): peak = 1324.824 ; gain = 441.141 ; free physical = 1099 ; free virtual = 2436
---------------------------------------------------------------------------------
---------------------------------------------------------------------------------
Start Renaming Generated Nets
---------------------------------------------------------------------------------
---------------------------------------------------------------------------------
Finished Renaming Generated Nets : Time (s): cpu = 00:01:33 ; elapsed = 00:01:57 . Memory (MB): peak = 1324.824 ; gain = 441.141 ; free physical = 1099 ; free virtual = 2436
---------------------------------------------------------------------------------
---------------------------------------------------------------------------------
Start Writing Synthesis Report
---------------------------------------------------------------------------------

Report BlackBoxes: 
+-+--------------+----------+
| |BlackBox name |Instances |
+-+--------------+----------+
+-+--------------+----------+

Report Cell Usage: 
+------+-----+------+
|      |Cell |Count |
+------+-----+------+
|1     |BUFG |     1|
|2     |LUT3 |     1|
|3     |LUT4 |     4|
|4     |LUT5 |     1|
|5     |LUT6 |     2|
|6     |FDRE |     9|
|7     |IBUF |     9|
|8     |OBUF |     4|
+------+-----+------+

Report Instance Areas: 
+------+----------+-------+------+
|      |Instance  |Module |Cells |
+------+----------+-------+------+
|1     |top       |       |    31|
|2     |  opA_mem |dff    |    10|
|3     |  opB_mem |dff_0  |     5|
|4     |  src_sel |jkff1  |     2|
+------+----------+-------+------+
---------------------------------------------------------------------------------
Finished Writing Synthesis Report : Time (s): cpu = 00:01:33 ; elapsed = 00:01:57 . Memory (MB): peak = 1324.824 ; gain = 441.141 ; free physical = 1099 ; free virtual = 2436
---------------------------------------------------------------------------------
Synthesis finished with 0 errors, 0 critical warnings and 0 warnings.
Synthesis Optimization Runtime : Time (s): cpu = 00:01:09 ; elapsed = 00:01:25 . Memory (MB): peak = 1324.824 ; gain = 105.457 ; free physical = 1099 ; free virtual = 2436
Synthesis Optimization Complete : Time (s): cpu = 00:01:34 ; elapsed = 00:01:57 . Memory (MB): peak = 1324.832 ; gain = 441.148 ; free physical = 1101 ; free virtual = 2438
INFO: [Project 1-571] Translating synthesized netlist
INFO: [Netlist 29-17] Analyzing 9 Unisim elements for replacement
INFO: [Netlist 29-28] Unisim Transformation completed in 0 CPU seconds
INFO: [Project 1-570] Preparing netlist for logic optimization
INFO: [Opt 31-138] Pushed 0 inverter(s) to 0 load pin(s).
INFO: [Project 1-111] Unisim Transformation Summary:
No Unisim elements were transformed.

INFO: [Common 17-83] Releasing license: Synthesis
24 Infos, 1 Warnings, 0 Critical Warnings and 0 Errors encountered.
synth_design completed successfully
synth_design: Time (s): cpu = 00:01:30 ; elapsed = 00:01:51 . Memory (MB): peak = 1324.832 ; gain = 366.590 ; free physical = 1095 ; free virtual = 2432
report_utilization: Time (s): cpu = 00:00:00.24 ; elapsed = 00:00:00.36 . Memory (MB): peak = 1324.832 ; gain = 0.000 ; free physical = 1094 ; free virtual = 2431
INFO: [Common 17-206] Exiting Vivado at Wed Sep 28 00:57:43 2016...
